<?xml version="1.0" encoding="UTF-8"?>
<!-- Generated by org.testng.reporters.JUnitXMLReporter -->
<testsuite ignored="3" hostname="Sajid" failures="0" tests="1" name="Default test" time="9.454" errors="0" timestamp="2024-03-12T16:24:55 BDT">
  <testcase classname="testcases.TestAuthor" name="testDisplayBooksOfAAuthor" time="7.338"/>
  <testcase classname="testcases.TestAuthor" name="testNextPageNumber" time="0.0">
    <ignored/>
  </testcase> <!-- testNextPageNumber -->
  <testcase classname="testcases.TestAuthor" name="testDisplayAuthorNames" time="0.0">
    <ignored/>
  </testcase> <!-- testDisplayAuthorNames -->
  <testcase classname="testcases.TestAuthor" name="testRightwardArrow" time="0.0">
    <ignored/>
  </testcase> <!-- testRightwardArrow -->
</testsuite> <!-- Default test -->
