<?xml version="1.0" encoding="UTF-8"?>
<!-- Generated by org.testng.reporters.JUnitXMLReporter -->
<testsuite ignored="4" hostname="Sajid" failures="0" tests="1" name="Default test" time="8.065" errors="0" timestamp="2024-03-10T01:43:41 BDT">
  <testcase classname="testcases.TestLogin" name="testLoginWithValidCredentials" time="5.541"/>
  <testcase classname="testcases.TestLogin" name="testLoginWithInvalidCredentials" time="0.0">
    <ignored/>
  </testcase> <!-- testLoginWithInvalidCredentials -->
  <testcase classname="testcases.TestLogin" name="testloginPagetitle" time="0.0">
    <ignored/>
  </testcase> <!-- testloginPagetitle -->
  <testcase classname="testcases.TestLogin" name="testRegisterButonIsPresent" time="0.0">
    <ignored/>
  </testcase> <!-- testRegisterButonIsPresent -->
  <testcase classname="testcases.TestLogin" name="testInputFieldIsPresent" time="0.0">
    <ignored/>
  </testcase> <!-- testInputFieldIsPresent -->
</testsuite> <!-- Default test -->
