<?xml version="1.0" encoding="UTF-8"?>
<!-- Generated by org.testng.reporters.JUnitXMLReporter -->
<testsuite ignored="16" hostname="Sajid" failures="0" tests="44" name="Test" time="450.571" errors="0" timestamp="2024-03-25T17:37:02 BDT">
  <testcase classname="testcases.TestHomePage" name="testDisplayFeatureBooks" time="10.55"/>
  <testcase classname="testcases.TestHomePage" name="testDisplayCarouselBanner" time="0.15"/>
  <testcase classname="testcases.TestHeader" name="testDisplayLogo" time="0.067"/>
  <testcase classname="testcases.TestHomePage" name="testOpenCarouselBanner" time="5.205"/>
  <testcase classname="testcases.TestHeader" name="testDisplayLoginRegister" time="3.65"/>
  <testcase classname="testcases.TestHeader" name="testDisplayMenuBar" time="0.048"/>
  <testcase classname="testcases.TestHeader" name="testDisplaySearchBar" time="0.053"/>
  <testcase classname="testcases.TestHeader" name="testOpenAMenu" time="8.522"/>
  <testcase classname="testcases.TestHeader" name="testLogoFunctionality" time="6.82"/>
  <testcase classname="testcases.TestHeader" name="testOpenLoginAndRegisterPage" time="3.591"/>
  <testcase classname="testcases.TestLogin" name="testloginPagetitle" time="129.985"/>
  <testcase classname="testcases.TestLogin" name="testInputFieldIsPresent" time="0.061"/>
  <testcase classname="testcases.TestLogin" name="testRegisterButonIsPresent" time="0.048"/>
  <testcase classname="testcases.TestLogin" name="testLoginWithInvalidCredentials" time="98.217"/>
  <testcase classname="testcases.TestLogin" name="testLoginWithInvalidCredentials" time="78.37"/>
  <testcase classname="testcases.TestLogin" name="testLoginWithInvalidCredentials" time="13.645"/>
  <testcase classname="testcases.TestLogin" name="testLoginWithInvalidCredentials" time="7.328"/>
  <testcase classname="testcases.TestLogin" name="testLoginWithInvalidCredentials" time="7.725"/>
  <testcase classname="testcases.TestLogin" name="testLoginWithInvalidCredentials" time="3.893"/>
  <testcase classname="testcases.TestLogin" name="testLoginWithValidCredentials" time="6.323"/>
  <testcase classname="testcases.TestAuthor" name="testDisplayAuthorNames" time="1.081"/>
  <testcase classname="testcases.TestAuthor" name="testNextPageNumber" time="2.049"/>
  <testcase classname="testcases.TestAuthor" name="testRightwardArrow" time="2.527"/>
  <testcase classname="testcases.TestAuthor" name="testDisplayBooksOfAAuthor" time="1.192"/>
  <testcase classname="testcases.TestBooksDisplay" name="testBookNameAndPrice" time="0.055"/>
  <testcase classname="testcases.TestBooksDisplay" name="testAuthorNameOfBook" time="0.029"/>
  <testcase classname="testcases.TestBooksDisplay" name="testSortingBooks" time="0.312"/>
  <testcase classname="testcases.TestBooksDisplay" name="testSelectABook" time="4.543"/>
  <testcase classname="testcases.TestBooksDisplay" name="testBookDescription" time="0.072"/>
  <testcase classname="testcases.TestOrder" name="testOrderButton" time="0.026"/>
  <testcase classname="testcases.TestOrder" name="testProductAddedToCart" time="2.481"/>
  <testcase classname="testcases.TestShoppingCart" name="testShoppingCartButton" time="6.815"/>
  <testcase classname="testcases.TestShoppingCart" name="testAddedProductTitle" time="0.044"/>
  <testcase classname="testcases.TestShoppingCart" name="testUpdateQuantity" time="0.371"/>
  <testcase classname="testcases.TestShoppingCart" name="testUpdatedTotalPrice" time="5.038"/>
  <testcase classname="testcases.TestShoppingCart" name="testCompleteTheOrderButton" time="9.116"/>
  <testcase classname="testcases.TestCheckout" name="testEmergencyPhoneNumberField" time="0.111"/>
  <testcase classname="testcases.TestCheckout" name="testSelectDistrict" time="0.384"/>
  <testcase classname="testcases.TestCheckout" name="testSelectUpazila" time="5.3"/>
  <testcase classname="testcases.TestCheckout" name="testAddressField" time="0.115"/>
  <testcase classname="testcases.TestCheckout" name="testOtherInformationField" time="0.12"/>
  <testcase classname="testcases.TestCheckout" name="testSelectPaymentOption" time="2.163"/>
  <testcase classname="testcases.TestMyAccount" name="testMyAccountOption" time="8.852"/>
  <testcase classname="testcases.TestMyAccount" name="testLogout" time="13.18"/>
  <testcase classname="utilities.DriverSetup" name="@BeforeSuite openABrowser" time="0.0">
    <ignored/>
  </testcase> <!-- @BeforeSuite openABrowser -->
  <testcase classname="utilities.DriverSetup" name="@BeforeSuite openABrowser" time="0.0">
    <ignored/>
  </testcase> <!-- @BeforeSuite openABrowser -->
  <testcase classname="utilities.DriverSetup" name="@AfterSuite quiteBrowser" time="0.0">
    <ignored/>
  </testcase> <!-- @AfterSuite quiteBrowser -->
  <testcase classname="utilities.DriverSetup" name="@BeforeSuite openABrowser" time="0.0">
    <ignored/>
  </testcase> <!-- @BeforeSuite openABrowser -->
  <testcase classname="utilities.DriverSetup" name="@AfterSuite quiteBrowser" time="0.0">
    <ignored/>
  </testcase> <!-- @AfterSuite quiteBrowser -->
  <testcase classname="utilities.DriverSetup" name="@AfterSuite quiteBrowser" time="0.0">
    <ignored/>
  </testcase> <!-- @AfterSuite quiteBrowser -->
  <testcase classname="utilities.DriverSetup" name="@AfterSuite quiteBrowser" time="0.0">
    <ignored/>
  </testcase> <!-- @AfterSuite quiteBrowser -->
  <testcase classname="utilities.DriverSetup" name="@BeforeSuite openABrowser" time="0.0">
    <ignored/>
  </testcase> <!-- @BeforeSuite openABrowser -->
  <testcase classname="utilities.DriverSetup" name="@BeforeSuite openABrowser" time="0.0">
    <ignored/>
  </testcase> <!-- @BeforeSuite openABrowser -->
  <testcase classname="utilities.DriverSetup" name="@AfterSuite quiteBrowser" time="0.0">
    <ignored/>
  </testcase> <!-- @AfterSuite quiteBrowser -->
  <testcase classname="utilities.DriverSetup" name="@BeforeSuite openABrowser" time="0.0">
    <ignored/>
  </testcase> <!-- @BeforeSuite openABrowser -->
  <testcase classname="utilities.DriverSetup" name="@BeforeSuite openABrowser" time="0.0">
    <ignored/>
  </testcase> <!-- @BeforeSuite openABrowser -->
  <testcase classname="utilities.DriverSetup" name="@AfterSuite quiteBrowser" time="0.0">
    <ignored/>
  </testcase> <!-- @AfterSuite quiteBrowser -->
  <testcase classname="utilities.DriverSetup" name="@BeforeSuite openABrowser" time="0.0">
    <ignored/>
  </testcase> <!-- @BeforeSuite openABrowser -->
  <testcase classname="utilities.DriverSetup" name="@AfterSuite quiteBrowser" time="0.0">
    <ignored/>
  </testcase> <!-- @AfterSuite quiteBrowser -->
  <testcase classname="utilities.DriverSetup" name="@AfterSuite quiteBrowser" time="0.0">
    <ignored/>
  </testcase> <!-- @AfterSuite quiteBrowser -->
</testsuite> <!-- Test -->
