<?xml version="1.0" encoding="UTF-8"?>
<!-- Generated by org.testng.reporters.JUnitXMLReporter -->
<testsuite ignored="16" hostname="Sajid" failures="0" tests="44" name="Test" time="80.414" errors="0" timestamp="2024-03-25T17:54:27 BDT">
  <testcase classname="testcases.TestHomePage" name="testDisplayFeatureBooks" time="5.135"/>
  <testcase classname="testcases.TestHomePage" name="testDisplayCarouselBanner" time="0.195"/>
  <testcase classname="testcases.TestHeader" name="testDisplayLogo" time="0.062"/>
  <testcase classname="testcases.TestHomePage" name="testOpenCarouselBanner" time="2.63"/>
  <testcase classname="testcases.TestHeader" name="testDisplayLoginRegister" time="1.434"/>
  <testcase classname="testcases.TestHeader" name="testDisplayMenuBar" time="0.05"/>
  <testcase classname="testcases.TestHeader" name="testDisplaySearchBar" time="0.05"/>
  <testcase classname="testcases.TestHeader" name="testOpenAMenu" time="2.87"/>
  <testcase classname="testcases.TestHeader" name="testLogoFunctionality" time="2.93"/>
  <testcase classname="testcases.TestHeader" name="testOpenLoginAndRegisterPage" time="2.81"/>
  <testcase classname="testcases.TestLogin" name="testloginPagetitle" time="1.638"/>
  <testcase classname="testcases.TestLogin" name="testInputFieldIsPresent" time="0.041"/>
  <testcase classname="testcases.TestLogin" name="testRegisterButonIsPresent" time="0.015"/>
  <testcase classname="testcases.TestLogin" name="testLoginWithInvalidCredentials" time="3.631"/>
  <testcase classname="testcases.TestLogin" name="testLoginWithInvalidCredentials" time="3.42"/>
  <testcase classname="testcases.TestLogin" name="testLoginWithInvalidCredentials" time="3.644"/>
  <testcase classname="testcases.TestLogin" name="testLoginWithInvalidCredentials" time="3.495"/>
  <testcase classname="testcases.TestLogin" name="testLoginWithInvalidCredentials" time="3.756"/>
  <testcase classname="testcases.TestLogin" name="testLoginWithInvalidCredentials" time="4.118"/>
  <testcase classname="testcases.TestLogin" name="testLoginWithValidCredentials" time="3.738"/>
  <testcase classname="testcases.TestAuthor" name="testDisplayAuthorNames" time="0.918"/>
  <testcase classname="testcases.TestAuthor" name="testNextPageNumber" time="1.922"/>
  <testcase classname="testcases.TestAuthor" name="testRightwardArrow" time="1.684"/>
  <testcase classname="testcases.TestAuthor" name="testDisplayBooksOfAAuthor" time="0.831"/>
  <testcase classname="testcases.TestBooksDisplay" name="testBookNameAndPrice" time="0.051"/>
  <testcase classname="testcases.TestBooksDisplay" name="testAuthorNameOfBook" time="0.013"/>
  <testcase classname="testcases.TestBooksDisplay" name="testSortingBooks" time="0.45"/>
  <testcase classname="testcases.TestBooksDisplay" name="testSelectABook" time="2.302"/>
  <testcase classname="testcases.TestBooksDisplay" name="testBookDescription" time="0.134"/>
  <testcase classname="testcases.TestOrder" name="testOrderButton" time="0.051"/>
  <testcase classname="testcases.TestOrder" name="testProductAddedToCart" time="2.267"/>
  <testcase classname="testcases.TestShoppingCart" name="testShoppingCartButton" time="3.812"/>
  <testcase classname="testcases.TestShoppingCart" name="testAddedProductTitle" time="0.021"/>
  <testcase classname="testcases.TestShoppingCart" name="testUpdateQuantity" time="0.25"/>
  <testcase classname="testcases.TestShoppingCart" name="testUpdatedTotalPrice" time="5.069"/>
  <testcase classname="testcases.TestShoppingCart" name="testCompleteTheOrderButton" time="2.895"/>
  <testcase classname="testcases.TestCheckout" name="testEmergencyPhoneNumberField" time="0.099"/>
  <testcase classname="testcases.TestCheckout" name="testSelectDistrict" time="0.391"/>
  <testcase classname="testcases.TestCheckout" name="testSelectUpazila" time="1.488"/>
  <testcase classname="testcases.TestCheckout" name="testAddressField" time="0.124"/>
  <testcase classname="testcases.TestCheckout" name="testOtherInformationField" time="0.1"/>
  <testcase classname="testcases.TestCheckout" name="testSelectPaymentOption" time="2.176"/>
  <testcase classname="testcases.TestMyAccount" name="testMyAccountOption" time="3.625"/>
  <testcase classname="testcases.TestMyAccount" name="testLogout" time="3.87"/>
  <testcase classname="utilities.DriverSetup" name="@BeforeSuite openABrowser" time="0.0">
    <ignored/>
  </testcase> <!-- @BeforeSuite openABrowser -->
  <testcase classname="utilities.DriverSetup" name="@BeforeSuite openABrowser" time="0.0">
    <ignored/>
  </testcase> <!-- @BeforeSuite openABrowser -->
  <testcase classname="utilities.DriverSetup" name="@AfterSuite quiteBrowser" time="0.0">
    <ignored/>
  </testcase> <!-- @AfterSuite quiteBrowser -->
  <testcase classname="utilities.DriverSetup" name="@BeforeSuite openABrowser" time="0.0">
    <ignored/>
  </testcase> <!-- @BeforeSuite openABrowser -->
  <testcase classname="utilities.DriverSetup" name="@BeforeSuite openABrowser" time="0.0">
    <ignored/>
  </testcase> <!-- @BeforeSuite openABrowser -->
  <testcase classname="utilities.DriverSetup" name="@AfterSuite quiteBrowser" time="0.0">
    <ignored/>
  </testcase> <!-- @AfterSuite quiteBrowser -->
  <testcase classname="utilities.DriverSetup" name="@AfterSuite quiteBrowser" time="0.0">
    <ignored/>
  </testcase> <!-- @AfterSuite quiteBrowser -->
  <testcase classname="utilities.DriverSetup" name="@BeforeSuite openABrowser" time="0.0">
    <ignored/>
  </testcase> <!-- @BeforeSuite openABrowser -->
  <testcase classname="utilities.DriverSetup" name="@AfterSuite quiteBrowser" time="0.0">
    <ignored/>
  </testcase> <!-- @AfterSuite quiteBrowser -->
  <testcase classname="utilities.DriverSetup" name="@BeforeSuite openABrowser" time="0.0">
    <ignored/>
  </testcase> <!-- @BeforeSuite openABrowser -->
  <testcase classname="utilities.DriverSetup" name="@AfterSuite quiteBrowser" time="0.0">
    <ignored/>
  </testcase> <!-- @AfterSuite quiteBrowser -->
  <testcase classname="utilities.DriverSetup" name="@AfterSuite quiteBrowser" time="0.0">
    <ignored/>
  </testcase> <!-- @AfterSuite quiteBrowser -->
  <testcase classname="utilities.DriverSetup" name="@AfterSuite quiteBrowser" time="0.0">
    <ignored/>
  </testcase> <!-- @AfterSuite quiteBrowser -->
  <testcase classname="utilities.DriverSetup" name="@BeforeSuite openABrowser" time="0.0">
    <ignored/>
  </testcase> <!-- @BeforeSuite openABrowser -->
  <testcase classname="utilities.DriverSetup" name="@AfterSuite quiteBrowser" time="0.0">
    <ignored/>
  </testcase> <!-- @AfterSuite quiteBrowser -->
  <testcase classname="utilities.DriverSetup" name="@BeforeSuite openABrowser" time="0.0">
    <ignored/>
  </testcase> <!-- @BeforeSuite openABrowser -->
</testsuite> <!-- Test -->
