<?xml version="1.0" encoding="UTF-8"?>
<testsuite xmlns:xsi="http://www.w3.org/2001/XMLSchema-instance" xsi:noNamespaceSchemaLocation="https://maven.apache.org/surefire/maven-surefire-plugin/xsd/surefire-test-report-3.0.xsd" version="3.0" name="TestSuite" time="84.157" tests="44" errors="0" skipped="0" failures="0">
  <properties>
[...]
</properties>
  <testcase name="testDisplayFeatureBooks" classname="testcases.TestHomePage" time="5.196">
    <system-err><![CDATA[SLF4J: Failed to load class "org.slf4j.impl.StaticLoggerBinder".
SLF4J: Defaulting to no-operation (NOP) logger implementation
SLF4J: See http://www.slf4j.org/codes.html#StaticLoggerBinder for further details.
Mar 25, 2024 5:53:06 PM org.openqa.selenium.devtools.CdpVersionFinder findNearestMatch
WARNING: Unable to find an exact match for CDP version 122, returning the closest version; found: 120; Please update to a Selenium version that supports CDP version 122
]]></system-err>
  </testcase>
  <testcase name="testDisplayCarouselBanner" classname="testcases.TestHomePage" time="0.2"/>
  <testcase name="testOpenCarouselBanner" classname="testcases.TestHomePage" time="2.63"/>
  <testcase name="testDisplayLogo" classname="testcases.TestHeader" time="0.062"/>
  <testcase name="testDisplayLoginRegister" classname="testcases.TestHeader" time="1.434"/>
  <testcase name="testDisplayMenuBar" classname="testcases.TestHeader" time="0.05"/>
  <testcase name="testDisplaySearchBar" classname="testcases.TestHeader" time="0.05"/>
  <testcase name="testOpenAMenu" classname="testcases.TestHeader" time="2.87"/>
  <testcase name="testLogoFunctionality" classname="testcases.TestHeader" time="2.935"/>
  <testcase name="testOpenLoginAndRegisterPage" classname="testcases.TestHeader" time="2.81"/>
  <testcase name="testloginPagetitle" classname="testcases.TestLogin" time="1.638"/>
  <testcase name="testInputFieldIsPresent" classname="testcases.TestLogin" time="0.042"/>
  <testcase name="testRegisterButonIsPresent" classname="testcases.TestLogin" time="0.015"/>
  <testcase name="testLoginWithInvalidCredentials[, ad, Error: ইউজার নাম প্রয়োজন](1)" classname="testcases.TestLogin" time="3.637"/>
  <testcase name="testLoginWithInvalidCredentials[tutt@gh.com, , Error: The password field is empty.](2)" classname="testcases.TestLogin" time="3.42"/>
  <testcase name="testLoginWithInvalidCredentials[, , Error: ইউজার নাম প্রয়োজন](3)" classname="testcases.TestLogin" time="3.645"/>
  <testcase name="testLoginWithInvalidCredentials[tghfh@gh.com, ad, Unknown email address. Check again or try your username.](4)" classname="testcases.TestLogin" time="3.495"/>
  <testcase name="testLoginWithInvalidCredentials[tutt@gh.com, 123, Error: The password you entered for the email address tutt@gh.com is incorrect. Lost your password?](5)" classname="testcases.TestLogin" time="3.756"/>
  <testcase name="testLoginWithInvalidCredentials[tghkl@gh.com, 321, Unknown email address. Check again or try your username.](6)" classname="testcases.TestLogin" time="4.118"/>
  <testcase name="testLoginWithValidCredentials" classname="testcases.TestLogin" time="3.737"/>
  <testcase name="testDisplayAuthorNames" classname="testcases.TestAuthor" time="0.918"/>
  <testcase name="testNextPageNumber" classname="testcases.TestAuthor" time="1.924"/>
  <testcase name="testRightwardArrow" classname="testcases.TestAuthor" time="1.683"/>
  <testcase name="testDisplayBooksOfAAuthor" classname="testcases.TestAuthor" time="0.831"/>
  <testcase name="testBookNameAndPrice" classname="testcases.TestBooksDisplay" time="0.052"/>
  <testcase name="testAuthorNameOfBook" classname="testcases.TestBooksDisplay" time="0.012"/>
  <testcase name="testSortingBooks" classname="testcases.TestBooksDisplay" time="0.45"/>
  <testcase name="testSelectABook" classname="testcases.TestBooksDisplay" time="2.302"/>
  <testcase name="testBookDescription" classname="testcases.TestBooksDisplay" time="0.134"/>
  <testcase name="testOrderButton" classname="testcases.TestOrder" time="0.051"/>
  <testcase name="testProductAddedToCart" classname="testcases.TestOrder" time="2.267"/>
  <testcase name="testShoppingCartButton" classname="testcases.TestShoppingCart" time="3.812"/>
  <testcase name="testAddedProductTitle" classname="testcases.TestShoppingCart" time="0.022"/>
  <testcase name="testUpdateQuantity" classname="testcases.TestShoppingCart" time="0.249"/>
  <testcase name="testUpdatedTotalPrice" classname="testcases.TestShoppingCart" time="5.069"/>
  <testcase name="testCompleteTheOrderButton" classname="testcases.TestShoppingCart" time="2.895"/>
  <testcase name="testEmergencyPhoneNumberField" classname="testcases.TestCheckout" time="0.115"/>
  <testcase name="testSelectDistrict" classname="testcases.TestCheckout" time="0.392"/>
  <testcase name="testSelectUpazila" classname="testcases.TestCheckout" time="1.486"/>
  <testcase name="testAddressField" classname="testcases.TestCheckout" time="0.124"/>
  <testcase name="testOtherInformationField" classname="testcases.TestCheckout" time="0.1"/>
  <testcase name="testSelectPaymentOption" classname="testcases.TestCheckout" time="2.179"/>
  <testcase name="testMyAccountOption" classname="testcases.TestMyAccount" time="3.625"/>
  <testcase name="testLogout" classname="testcases.TestMyAccount" time="3.87"/>
</testsuite>