<?xml version="1.0" encoding="UTF-8"?>
<testsuite xmlns:xsi="http://www.w3.org/2001/XMLSchema-instance" xsi:noNamespaceSchemaLocation="https://maven.apache.org/surefire/maven-surefire-plugin/xsd/surefire-test-report-3.0.xsd" version="3.0" name="TestSuite" time="101.14" tests="44" errors="0" skipped="0" failures="0">
  <properties>
[...]
</properties>
  <testcase name="testDisplayFeatureBooks" classname="testcases.TestHomePage" time="4.788">
    <system-err><![CDATA[SLF4J: Failed to load class "org.slf4j.impl.StaticLoggerBinder".
SLF4J: Defaulting to no-operation (NOP) logger implementation
SLF4J: See http://www.slf4j.org/codes.html#StaticLoggerBinder for further details.
Mar 26, 2024 8:06:51 PM org.openqa.selenium.devtools.CdpVersionFinder findNearestMatch
WARNING: Unable to find an exact match for CDP version 123, returning the closest version; found: 120; Please update to a Selenium version that supports CDP version 123
]]></system-err>
  </testcase>
  <testcase name="testDisplayCarouselBanner" classname="testcases.TestHomePage" time="0.251"/>
  <testcase name="testOpenCarouselBanner" classname="testcases.TestHomePage" time="3.38"/>
  <testcase name="testDisplayLogo" classname="testcases.TestHeader" time="0.204"/>
  <testcase name="testDisplayLoginRegister" classname="testcases.TestHeader" time="1.363"/>
  <testcase name="testDisplayMenuBar" classname="testcases.TestHeader" time="0.044"/>
  <testcase name="testDisplaySearchBar" classname="testcases.TestHeader" time="0.042"/>
  <testcase name="testOpenAMenu" classname="testcases.TestHeader" time="2.902"/>
  <testcase name="testLogoFunctionality" classname="testcases.TestHeader" time="2.65"/>
  <testcase name="testOpenLoginAndRegisterPage" classname="testcases.TestHeader" time="2.084"/>
  <testcase name="testloginPagetitle" classname="testcases.TestLogin" time="1.425"/>
  <testcase name="testInputFieldIsPresent" classname="testcases.TestLogin" time="0.162"/>
  <testcase name="testRegisterButonIsPresent" classname="testcases.TestLogin" time="0.058"/>
  <testcase name="testLoginWithInvalidCredentials[, ad, Error: ইউজার নাম প্রয়োজন](1)" classname="testcases.TestLogin" time="3.196"/>
  <testcase name="testLoginWithInvalidCredentials[tutt@gh.com, , Error: The password field is empty.](2)" classname="testcases.TestLogin" time="2.927"/>
  <testcase name="testLoginWithInvalidCredentials[, , Error: ইউজার নাম প্রয়োজন](3)" classname="testcases.TestLogin" time="2.91"/>
  <testcase name="testLoginWithInvalidCredentials[tghfh@gh.com, ad, Unknown email address. Check again or try your username.](4)" classname="testcases.TestLogin" time="3.458"/>
  <testcase name="testLoginWithInvalidCredentials[tutt@gh.com, 123, Error: The password you entered for the email address tutt@gh.com is incorrect. Lost your password?](5)" classname="testcases.TestLogin" time="3.257"/>
  <testcase name="testLoginWithInvalidCredentials[tghkl@gh.com, 321, Unknown email address. Check again or try your username.](6)" classname="testcases.TestLogin" time="3.411"/>
  <testcase name="testLoginWithValidCredentials" classname="testcases.TestLogin" time="3.882"/>
  <testcase name="testDisplayAuthorNames" classname="testcases.TestAuthor" time="0.937"/>
  <testcase name="testNextPageNumber" classname="testcases.TestAuthor" time="4.981"/>
  <testcase name="testRightwardArrow" classname="testcases.TestAuthor" time="1.654"/>
  <testcase name="testDisplayBooksOfAAuthor" classname="testcases.TestAuthor" time="1.479"/>
  <testcase name="testBookNameAndPrice" classname="testcases.TestBooksDisplay" time="0.047"/>
  <testcase name="testAuthorNameOfBook" classname="testcases.TestBooksDisplay" time="0.034"/>
  <testcase name="testSortingBooks" classname="testcases.TestBooksDisplay" time="0.449"/>
  <testcase name="testSelectABook" classname="testcases.TestBooksDisplay" time="2.994"/>
  <testcase name="testBookDescription" classname="testcases.TestBooksDisplay" time="0.123"/>
  <testcase name="testOrderButton" classname="testcases.TestOrder" time="0.06"/>
  <testcase name="testProductAddedToCart" classname="testcases.TestOrder" time="1.815"/>
  <testcase name="testShoppingCartButton" classname="testcases.TestShoppingCart" time="3.047"/>
  <testcase name="testAddedProductTitle" classname="testcases.TestShoppingCart" time="0.022"/>
  <testcase name="testUpdateQuantity" classname="testcases.TestShoppingCart" time="0.279"/>
  <testcase name="testUpdatedTotalPrice" classname="testcases.TestShoppingCart" time="5.041"/>
  <testcase name="testCompleteTheOrderButton" classname="testcases.TestShoppingCart" time="2.197"/>
  <testcase name="testEmergencyPhoneNumberField" classname="testcases.TestCheckout" time="0.145"/>
  <testcase name="testSelectDistrict" classname="testcases.TestCheckout" time="0.353"/>
  <testcase name="testSelectUpazila" classname="testcases.TestCheckout" time="3.646"/>
  <testcase name="testAddressField" classname="testcases.TestCheckout" time="0.134"/>
  <testcase name="testOtherInformationField" classname="testcases.TestCheckout" time="0.101"/>
  <testcase name="testSelectPaymentOption" classname="testcases.TestCheckout" time="2.148"/>
  <testcase name="testMyAccountOption" classname="testcases.TestMyAccount" time="5.772"/>
  <testcase name="testLogout" classname="testcases.TestMyAccount" time="6.655"/>
</testsuite>