<?xml version="1.0" encoding="UTF-8"?>
<testng-results ignored="0" total="6" passed="6" failed="0" skipped="0">
  <reporter-output>
  </reporter-output>
  <suite started-at="2024-03-15T14:31:33 BDT" name="Default suite" finished-at="2024-03-15T14:31:48 BDT" duration-ms="15006">
    <groups>
      <group name="ShoppingCart">
        <method signature="TestShoppingCart.testCompleteTheOrderButton()[pri:0, instance:testcases.TestShoppingCart@61544ae6]" name="testCompleteTheOrderButton" class="testcases.TestShoppingCart"/>
      </group> <!-- ShoppingCart -->
      <group name="order">
        <method signature="TestOrder.testProductAddedToCart()[pri:0, instance:testcases.TestOrder@9ebe38b]" name="testProductAddedToCart" class="testcases.TestOrder"/>
      </group> <!-- order -->
    </groups>
    <test started-at="2024-03-15T14:31:33 BDT" name="Default test" finished-at="2024-03-15T14:31:48 BDT" duration-ms="15006">
      <class name="testcases.TestShoppingCart">
        <test-method is-config="true" signature="openABrowser()[pri:0, instance:testcases.TestShoppingCart@61544ae6]" started-at="2024-03-15T14:31:30 BDT" name="openABrowser" finished-at="2024-03-15T14:31:33 BDT" duration-ms="2135" status="PASS">
          <reporter-output>
          </reporter-output>
        </test-method> <!-- openABrowser -->
        <test-method signature="testShoppingCartButton()[pri:0, instance:testcases.TestShoppingCart@61544ae6]" started-at="2024-03-15T14:31:37 BDT" name="testShoppingCartButton" depends-on-groups="order" finished-at="2024-03-15T14:31:40 BDT" duration-ms="3373" status="PASS">
          <reporter-output>
          </reporter-output>
        </test-method> <!-- testShoppingCartButton -->
        <test-method signature="testUpdateQuantity()[pri:0, instance:testcases.TestShoppingCart@61544ae6]" started-at="2024-03-15T14:31:40 BDT" name="testUpdateQuantity" finished-at="2024-03-15T14:31:40 BDT" depends-on-methods="testcases.TestShoppingCart.testShoppingCartButton" duration-ms="347" status="PASS">
          <reporter-output>
          </reporter-output>
        </test-method> <!-- testUpdateQuantity -->
        <test-method signature="testUpdatedTotalPrice()[pri:0, instance:testcases.TestShoppingCart@61544ae6]" started-at="2024-03-15T14:31:40 BDT" name="testUpdatedTotalPrice" finished-at="2024-03-15T14:31:45 BDT" depends-on-methods="testcases.TestShoppingCart.testUpdateQuantity" duration-ms="5037" status="PASS">
          <reporter-output>
          </reporter-output>
        </test-method> <!-- testUpdatedTotalPrice -->
        <test-method signature="testCompleteTheOrderButton()[pri:0, instance:testcases.TestShoppingCart@61544ae6]" started-at="2024-03-15T14:31:45 BDT" name="testCompleteTheOrderButton" finished-at="2024-03-15T14:31:47 BDT" depends-on-methods="testcases.TestShoppingCart.testUpdatedTotalPrice" duration-ms="1929" status="PASS">
          <reporter-output>
          </reporter-output>
        </test-method> <!-- testCompleteTheOrderButton -->
        <test-method is-config="true" signature="quiteBrowser()[pri:0, instance:testcases.TestShoppingCart@61544ae6]" started-at="2024-03-15T14:31:48 BDT" name="quiteBrowser" finished-at="2024-03-15T14:31:48 BDT" duration-ms="709" status="PASS">
          <reporter-output>
          </reporter-output>
        </test-method> <!-- quiteBrowser -->
      </class> <!-- testcases.TestShoppingCart -->
      <class name="testcases.TestOrder">
        <test-method signature="testProductAddedToCart()[pri:0, instance:testcases.TestOrder@9ebe38b]" started-at="2024-03-15T14:31:33 BDT" name="testProductAddedToCart" finished-at="2024-03-15T14:31:37 BDT" duration-ms="3897" status="PASS">
          <reporter-output>
          </reporter-output>
        </test-method> <!-- testProductAddedToCart -->
      </class> <!-- testcases.TestOrder -->
      <class name="testcases.TestCheckout">
        <test-method signature="testSelectDistrict()[pri:0, instance:testcases.TestCheckout@4b23c30a]" started-at="2024-03-15T14:31:47 BDT" name="testSelectDistrict" depends-on-groups="ShoppingCart" finished-at="2024-03-15T14:31:48 BDT" duration-ms="261" status="PASS">
          <reporter-output>
          </reporter-output>
        </test-method> <!-- testSelectDistrict -->
      </class> <!-- testcases.TestCheckout -->
    </test> <!-- Default test -->
  </suite> <!-- Default suite -->
</testng-results>
