<?xml version="1.0" encoding="UTF-8"?>
<testng-results ignored="0" total="1" passed="1" failed="0" skipped="0">
  <reporter-output>
  </reporter-output>
  <suite started-at="2024-03-12T16:24:46 BDT" name="Default suite" finished-at="2024-03-12T16:24:55 BDT" duration-ms="9454">
    <groups>
    </groups>
    <test started-at="2024-03-12T16:24:46 BDT" name="Default test" finished-at="2024-03-12T16:24:55 BDT" duration-ms="9454">
      <class name="testcases.TestAuthor">
        <test-method is-config="true" signature="openABrowser()[pri:0, instance:testcases.TestAuthor@5ddf0d24]" started-at="2024-03-12T16:24:46 BDT" name="openABrowser" finished-at="2024-03-12T16:24:47 BDT" duration-ms="1757" status="PASS">
          <reporter-output>
          </reporter-output>
        </test-method> <!-- openABrowser -->
        <test-method signature="testDisplayBooksOfAAuthor()[pri:0, instance:testcases.TestAuthor@5ddf0d24]" started-at="2024-03-12T16:24:47 BDT" name="testDisplayBooksOfAAuthor" finished-at="2024-03-12T16:24:55 BDT" duration-ms="7338" status="PASS">
          <reporter-output>
          </reporter-output>
        </test-method> <!-- testDisplayBooksOfAAuthor -->
        <test-method is-config="true" signature="quiteBrowser()[pri:0, instance:testcases.TestAuthor@5ddf0d24]" started-at="2024-03-12T16:24:55 BDT" name="quiteBrowser" finished-at="2024-03-12T16:24:55 BDT" duration-ms="227" status="PASS">
          <reporter-output>
          </reporter-output>
        </test-method> <!-- quiteBrowser -->
      </class> <!-- testcases.TestAuthor -->
    </test> <!-- Default test -->
  </suite> <!-- Default suite -->
</testng-results>
